  [4;36;1mSQL (0.1ms)[0m   [0;1mSET client_min_messages TO 'panic'[0m
  [4;35;1mSQL (0.1ms)[0m   [0mSET client_min_messages TO 'notice'[0m


Processing OrganisationsController#index (for 127.0.0.1 at 2010-01-02 16:54:15) [GET]
  [4;36;1mOrganisation Load (1.4ms)[0m   [0;1mSELECT * FROM "organisations" [0m
Rendering template within layouts/organisations
Rendering organisations/index
Completed in 121ms (View: 45, DB: 2) | 200 OK [http://0.0.0.0/organisations]
  [4;35;1mSQL (0.2ms)[0m   [0mSET client_min_messages TO 'panic'[0m
  [4;36;1mSQL (0.1ms)[0m   [0;1mSET client_min_messages TO 'notice'[0m


Processing OrganisationsController#show (for 127.0.0.1 at 2010-01-02 16:54:19) [GET]
  Parameters: {"id"=>"1"}
  [4;35;1mOrganisation Load (0.5ms)[0m   [0mSELECT * FROM "organisations" WHERE ("organisations"."id" = 1) [0m
Rendering template within layouts/organisations
Rendering organisations/show
  [4;36;1mSQL (0.5ms)[0m   [0;1mSELECT count(*) AS count_all FROM "resources" WHERE ("resources".organisation_id = 1) [0m
  [4;35;1mSQL (0.4ms)[0m   [0mSELECT count(*) AS count_all FROM "teams" WHERE ("teams".organisation_id = 1) [0m
  [4;36;1mSQL (0.6ms)[0m   [0;1mSELECT count(*) AS count_all FROM "users" WHERE ("users".organisation_id = 1) [0m
  [4;35;1mProject Load (29.0ms)[0m   [0mSELECT * FROM "projects" WHERE ("projects".organisation_id = 1) ORDER BY name[0m
  [4;36;1mSQL (5.0ms)[0m   [0;1mSELECT count(*) AS count_all FROM "allocations" WHERE ("allocations".project_id = 3) [0m
  [4;35;1mSQL (0.6ms)[0m   [0mSELECT count(*) AS count_all FROM "allocations" WHERE ("allocations".project_id = 4) [0m
  [4;36;1mSQL (0.5ms)[0m   [0;1mSELECT count(*) AS count_all FROM "allocations" WHERE ("allocations".project_id = 1) [0m
Completed in 177ms (View: 129, DB: 37) | 200 OK [http://0.0.0.0/organisations/1]
  [4;35;1mSQL (0.2ms)[0m   [0mSET client_min_messages TO 'panic'[0m
  [4;36;1mSQL (0.1ms)[0m   [0;1mSET client_min_messages TO 'notice'[0m


Processing OrganisationsController#index (for 127.0.0.1 at 2010-01-02 16:54:22) [GET]
  [4;35;1mOrganisation Load (1.4ms)[0m   [0mSELECT * FROM "organisations" [0m
Rendering template within layouts/organisations
Rendering organisations/index
Completed in 40ms (View: 32, DB: 2) | 200 OK [http://0.0.0.0/organisations]
  [4;36;1mSQL (0.2ms)[0m   [0;1mSET client_min_messages TO 'panic'[0m
  [4;35;1mSQL (0.1ms)[0m   [0mSET client_min_messages TO 'notice'[0m


Processing OrganisationsController#show (for 127.0.0.1 at 2010-01-02 16:54:24) [GET]
  Parameters: {"id"=>"6"}
  [4;36;1mOrganisation Load (0.5ms)[0m   [0;1mSELECT * FROM "organisations" WHERE ("organisations"."id" = 6) [0m
Rendering template within layouts/organisations
Rendering organisations/show
  [4;35;1mSQL (0.5ms)[0m   [0mSELECT count(*) AS count_all FROM "resources" WHERE ("resources".organisation_id = 6) [0m
  [4;36;1mSQL (0.4ms)[0m   [0;1mSELECT count(*) AS count_all FROM "teams" WHERE ("teams".organisation_id = 6) [0m
  [4;35;1mSQL (0.4ms)[0m   [0mSELECT count(*) AS count_all FROM "users" WHERE ("users".organisation_id = 6) [0m
  [4;36;1mProject Load (1.0ms)[0m   [0;1mSELECT * FROM "projects" WHERE ("projects".organisation_id = 6) ORDER BY name[0m
  [4;35;1mSQL (0.6ms)[0m   [0mSELECT count(*) AS count_all FROM "allocations" WHERE ("allocations".project_id = 7) [0m
  [4;36;1mSQL (0.4ms)[0m   [0;1mSELECT count(*) AS count_all FROM "allocations" WHERE ("allocations".project_id = 8) [0m
Completed in 51ms (View: 36, DB: 4) | 200 OK [http://0.0.0.0/organisations/6]
  [4;36;1mSQL (0.3ms)[0m   [0;1mSET client_min_messages TO 'panic'[0m
  [4;35;1mSQL (0.1ms)[0m   [0mSET client_min_messages TO 'notice'[0m


Processing TimeController#index (for 127.0.0.1 at 2010-01-02 21:03:39) [GET]
Redirected to http://0.0.0.0:3000/home/login
Filter chain halted as [:authorize] rendered_or_redirected.
Completed in 37ms (DB: 0) | 302 Found [http://0.0.0.0/]
  [4;36;1mSQL (0.1ms)[0m   [0;1mSET client_min_messages TO 'panic'[0m
  [4;35;1mSQL (0.1ms)[0m   [0mSET client_min_messages TO 'notice'[0m


Processing HomeController#login (for 127.0.0.1 at 2010-01-02 21:03:39) [GET]
Rendering template within layouts/home
Rendering home/login
Completed in 174ms (View: 173, DB: 0) | 200 OK [http://0.0.0.0/home/login]
  [4;36;1mSQL (0.2ms)[0m   [0;1mSET client_min_messages TO 'panic'[0m
  [4;35;1mSQL (0.1ms)[0m   [0mSET client_min_messages TO 'notice'[0m


Processing HomeController#login (for 127.0.0.1 at 2010-01-02 21:03:48) [POST]
  Parameters: {"name"=>"dtt101@gmail.com", "commit"=>"Login", "authenticity_token"=>"8gyC6stHvQ7AcjPjuyI6W7jzPZ+ZVVBpV3o1gDalD1s=", "password"=>"johnson1"}
  [4;36;1mUser Load (14.0ms)[0m   [0;1mSELECT * FROM "users" WHERE ("users"."email" = E'dtt101@gmail.com') ORDER BY name LIMIT 1[0m
  [4;35;1mOrganisation Load (18.3ms)[0m   [0mSELECT * FROM "organisations" WHERE ("organisations"."id" = 1) [0m
Redirected to http://0.0.0.0:3000/
Completed in 521ms (DB: 32) | 302 Found [http://0.0.0.0/home/login]
  [4;36;1mSQL (0.1ms)[0m   [0;1mSET client_min_messages TO 'panic'[0m
  [4;35;1mSQL (0.1ms)[0m   [0mSET client_min_messages TO 'notice'[0m


Processing TimeController#index (for 127.0.0.1 at 2010-01-02 21:03:49) [GET]
  [4;36;1mUser Load (2.0ms)[0m   [0;1mSELECT * FROM "users" WHERE ("users"."id" = 1) ORDER BY name LIMIT 1[0m
  [4;35;1mOrganisation Load (0.4ms)[0m   [0mSELECT * FROM "organisations" WHERE ("organisations"."id" = 1) [0m
  [4;36;1mUser Load (0.2ms)[0m   [0;1mSELECT * FROM "users" WHERE ("users"."id" = 1) ORDER BY name[0m
Rendering template within layouts/application
Rendering time/index
  [4;35;1mSQL (36.9ms)[0m   [0mSELECT count(*) AS count_all FROM "projects" WHERE (((archive = 'f') AND ("projects".organisation_id = 1)) AND ("projects".organisation_id = 1)) [0m
  [4;36;1mSQL (1.0ms)[0m   [0;1mSELECT count(*) AS count_all FROM "resources" WHERE ("resources".organisation_id = 1) [0m
  [4;35;1mProject Load (11.8ms)[0m   [0mSELECT * FROM "projects" WHERE ("projects".organisation_id = 1) AND ((archive = 'f') AND ("projects".organisation_id = 1)) ORDER BY name[0m
  [4;36;1mSQL (24.6ms)[0m   [0;1mSELECT count(*) AS count_all FROM "allocations" WHERE ("allocations".project_id = 3) [0m
  [4;35;1mSQL (0.7ms)[0m   [0mSELECT count(*) AS count_all FROM "allocations" WHERE ("allocations".project_id = 1) [0m
  [4;36;1mSQL (17.8ms)[0m   [0;1mSELECT count(*) AS count_all FROM "projects" WHERE (((((due_date <= '2010-01-10') AND (due_date >= '2009-12-28')) AND (archive = 'f')) AND ("projects".organisation_id = 1)) AND ("projects".organisation_id = 1)) [0m
  [4;35;1mResource Load (0.4ms)[0m   [0mSELECT * FROM "resources" WHERE ("resources".organisation_id = 1) ORDER BY name[0m
  [4;36;1mAllocation Load (1.0ms)[0m   [0;1mSELECT * FROM "allocations" WHERE ("allocations"."allocation_date" = '2009-12-28') AND ("allocations".resource_id = 1) [0m
  [4;35;1mProject Load (27.2ms)[0m   [0mSELECT * FROM "projects" WHERE ("projects"."id" = 1) ORDER BY name[0m
Rendered time/_project (40.2ms)
Rendered time/_day (68.3ms)
  [4;36;1mAllocation Load (0.7ms)[0m   [0;1mSELECT * FROM "allocations" WHERE ("allocations"."allocation_date" = '2009-12-29') AND ("allocations".resource_id = 1) [0m
  [4;35;1mCACHE (0.0ms)[0m   [0mSELECT * FROM "projects" WHERE ("projects"."id" = 1) ORDER BY name[0m
Rendered time/_project (0.8ms)
Rendered time/_day (4.0ms)
  [4;36;1mAllocation Load (0.6ms)[0m   [0;1mSELECT * FROM "allocations" WHERE ("allocations"."allocation_date" = '2009-12-30') AND ("allocations".resource_id = 1) [0m
  [4;35;1mCACHE (0.0ms)[0m   [0mSELECT * FROM "projects" WHERE ("projects"."id" = 1) ORDER BY name[0m
Rendered time/_project (0.8ms)
Rendered time/_day (66.4ms)
  [4;36;1mAllocation Load (0.6ms)[0m   [0;1mSELECT * FROM "allocations" WHERE ("allocations"."allocation_date" = '2009-12-31') AND ("allocations".resource_id = 1) [0m
  [4;35;1mCACHE (0.0ms)[0m   [0mSELECT * FROM "projects" WHERE ("projects"."id" = 1) ORDER BY name[0m
Rendered time/_project (0.6ms)
Rendered time/_day (2.8ms)
  [4;36;1mAllocation Load (0.5ms)[0m   [0;1mSELECT * FROM "allocations" WHERE ("allocations"."allocation_date" = '2010-01-01') AND ("allocations".resource_id = 1) [0m
  [4;35;1mProject Load (0.3ms)[0m   [0mSELECT * FROM "projects" WHERE ("projects"."id" = 3) ORDER BY name[0m
Rendered time/_project (1.0ms)
Rendered time/_day (3.0ms)
  [4;36;1mAllocation Load (0.4ms)[0m   [0;1mSELECT * FROM "allocations" WHERE ("allocations"."allocation_date" = '2010-01-02') AND ("allocations".resource_id = 1) [0m
Rendered time/_day (1.6ms)
  [4;35;1mAllocation Load (0.4ms)[0m   [0mSELECT * FROM "allocations" WHERE ("allocations"."allocation_date" = '2010-01-03') AND ("allocations".resource_id = 1) [0m
Rendered time/_day (1.6ms)
  [4;36;1mAllocation Load (0.5ms)[0m   [0;1mSELECT * FROM "allocations" WHERE ("allocations"."allocation_date" = '2010-01-04') AND ("allocations".resource_id = 1) [0m
  [4;35;1mCACHE (0.0ms)[0m   [0mSELECT * FROM "projects" WHERE ("projects"."id" = 3) ORDER BY name[0m
Rendered time/_project (0.6ms)
Rendered time/_day (2.6ms)
  [4;36;1mAllocation Load (0.5ms)[0m   [0;1mSELECT * FROM "allocations" WHERE ("allocations"."allocation_date" = '2010-01-05') AND ("allocations".resource_id = 1) [0m
  [4;35;1mCACHE (0.0ms)[0m   [0mSELECT * FROM "projects" WHERE ("projects"."id" = 3) ORDER BY name[0m
Rendered time/_project (0.6ms)
Rendered time/_day (2.4ms)
  [4;36;1mAllocation Load (0.5ms)[0m   [0;1mSELECT * FROM "allocations" WHERE ("allocations"."allocation_date" = '2010-01-06') AND ("allocations".resource_id = 1) [0m
  [4;35;1mCACHE (0.0ms)[0m   [0mSELECT * FROM "projects" WHERE ("projects"."id" = 3) ORDER BY name[0m
Rendered time/_project (0.6ms)
Rendered time/_day (2.6ms)
  [4;36;1mAllocation Load (0.5ms)[0m   [0;1mSELECT * FROM "allocations" WHERE ("allocations"."allocation_date" = '2010-01-07') AND ("allocations".resource_id = 1) [0m
  [4;35;1mCACHE (0.0ms)[0m   [0mSELECT * FROM "projects" WHERE ("projects"."id" = 1) ORDER BY name[0m
Rendered time/_project (0.9ms)
Rendered time/_day (2.9ms)
  [4;36;1mAllocation Load (0.6ms)[0m   [0;1mSELECT * FROM "allocations" WHERE ("allocations"."allocation_date" = '2010-01-08') AND ("allocations".resource_id = 1) [0m
  [4;35;1mCACHE (0.0ms)[0m   [0mSELECT * FROM "projects" WHERE ("projects"."id" = 3) ORDER BY name[0m
Rendered time/_project (0.7ms)
Rendered time/_day (2.9ms)
  [4;36;1mAllocation Load (0.5ms)[0m   [0;1mSELECT * FROM "allocations" WHERE ("allocations"."allocation_date" = '2010-01-09') AND ("allocations".resource_id = 1) [0m
Rendered time/_day (1.8ms)
  [4;35;1mAllocation Load (0.4ms)[0m   [0mSELECT * FROM "allocations" WHERE ("allocations"."allocation_date" = '2010-01-10') AND ("allocations".resource_id = 1) [0m
Rendered time/_day (1.7ms)
  [4;36;1mAllocation Load (0.4ms)[0m   [0;1mSELECT * FROM "allocations" WHERE ("allocations"."allocation_date" = '2009-12-28') AND ("allocations".resource_id = 7) [0m
  [4;35;1mCACHE (0.0ms)[0m   [0mSELECT * FROM "projects" WHERE ("projects"."id" = 1) ORDER BY name[0m
Rendered time/_project (0.6ms)
Rendered time/_day (2.5ms)
  [4;36;1mAllocation Load (0.5ms)[0m   [0;1mSELECT * FROM "allocations" WHERE ("allocations"."allocation_date" = '2009-12-29') AND ("allocations".resource_id = 7) [0m
  [4;35;1mCACHE (0.0ms)[0m   [0mSELECT * FROM "projects" WHERE ("projects"."id" = 1) ORDER BY name[0m
Rendered time/_project (0.6ms)
Rendered time/_day (2.6ms)
  [4;36;1mAllocation Load (0.5ms)[0m   [0;1mSELECT * FROM "allocations" WHERE ("allocations"."allocation_date" = '2009-12-30') AND ("allocations".resource_id = 7) [0m
  [4;35;1mCACHE (0.0ms)[0m   [0mSELECT * FROM "projects" WHERE ("projects"."id" = 3) ORDER BY name[0m
Rendered time/_project (0.5ms)
Rendered time/_day (2.4ms)
  [4;36;1mAllocation Load (0.5ms)[0m   [0;1mSELECT * FROM "allocations" WHERE ("allocations"."allocation_date" = '2009-12-31') AND ("allocations".resource_id = 7) [0m
  [4;35;1mCACHE (0.0ms)[0m   [0mSELECT * FROM "projects" WHERE ("projects"."id" = 3) ORDER BY name[0m
Rendered time/_project (0.6ms)
Rendered time/_day (2.6ms)
  [4;36;1mAllocation Load (0.5ms)[0m   [0;1mSELECT * FROM "allocations" WHERE ("allocations"."allocation_date" = '2010-01-01') AND ("allocations".resource_id = 7) [0m
  [4;35;1mCACHE (0.0ms)[0m   [0mSELECT * FROM "projects" WHERE ("projects"."id" = 3) ORDER BY name[0m
Rendered time/_project (0.6ms)
Rendered time/_day (2.6ms)
  [4;36;1mAllocation Load (0.6ms)[0m   [0;1mSELECT * FROM "allocations" WHERE ("allocations"."allocation_date" = '2010-01-02') AND ("allocations".resource_id = 7) [0m
Rendered time/_day (1.9ms)
  [4;35;1mAllocation Load (0.4ms)[0m   [0mSELECT * FROM "allocations" WHERE ("allocations"."allocation_date" = '2010-01-03') AND ("allocations".resource_id = 7) [0m
Rendered time/_day (1.7ms)
  [4;36;1mAllocation Load (0.4ms)[0m   [0;1mSELECT * FROM "allocations" WHERE ("allocations"."allocation_date" = '2010-01-04') AND ("allocations".resource_id = 7) [0m
  [4;35;1mCACHE (0.0ms)[0m   [0mSELECT * FROM "projects" WHERE ("projects"."id" = 3) ORDER BY name[0m
Rendered time/_project (0.7ms)
Rendered time/_day (2.7ms)
  [4;36;1mAllocation Load (0.6ms)[0m   [0;1mSELECT * FROM "allocations" WHERE ("allocations"."allocation_date" = '2010-01-05') AND ("allocations".resource_id = 7) [0m
  [4;35;1mCACHE (0.0ms)[0m   [0mSELECT * FROM "projects" WHERE ("projects"."id" = 3) ORDER BY name[0m
Rendered time/_project (0.6ms)
Rendered time/_day (2.8ms)
  [4;36;1mAllocation Load (0.5ms)[0m   [0;1mSELECT * FROM "allocations" WHERE ("allocations"."allocation_date" = '2010-01-06') AND ("allocations".resource_id = 7) [0m
  [4;35;1mCACHE (0.0ms)[0m   [0mSELECT * FROM "projects" WHERE ("projects"."id" = 3) ORDER BY name[0m
Rendered time/_project (0.5ms)
Rendered time/_day (2.4ms)
  [4;36;1mAllocation Load (0.5ms)[0m   [0;1mSELECT * FROM "allocations" WHERE ("allocations"."allocation_date" = '2010-01-07') AND ("allocations".resource_id = 7) [0m
  [4;35;1mCACHE (0.0ms)[0m   [0mSELECT * FROM "projects" WHERE ("projects"."id" = 3) ORDER BY name[0m
Rendered time/_project (0.5ms)
Rendered time/_day (2.3ms)
  [4;36;1mAllocation Load (0.4ms)[0m   [0;1mSELECT * FROM "allocations" WHERE ("allocations"."allocation_date" = '2010-01-08') AND ("allocations".resource_id = 7) [0m
Rendered time/_day (1.5ms)
  [4;35;1mAllocation Load (0.5ms)[0m   [0mSELECT * FROM "allocations" WHERE ("allocations"."allocation_date" = '2010-01-09') AND ("allocations".resource_id = 7) [0m
Rendered time/_day (2.1ms)
  [4;36;1mAllocation Load (0.4ms)[0m   [0;1mSELECT * FROM "allocations" WHERE ("allocations"."allocation_date" = '2010-01-10') AND ("allocations".resource_id = 7) [0m
Rendered time/_day (1.6ms)
Completed in 521ms (View: 307, DB: 138) | 200 OK [http://0.0.0.0/]
  [4;35;1mSQL (0.2ms)[0m   [0mSET client_min_messages TO 'panic'[0m
  [4;36;1mSQL (0.1ms)[0m   [0;1mSET client_min_messages TO 'notice'[0m


Processing TeamsController#index (for 127.0.0.1 at 2010-01-02 21:03:51) [GET]
  [4;35;1mUser Load (1.1ms)[0m   [0mSELECT * FROM "users" WHERE ("users"."id" = 1) ORDER BY name LIMIT 1[0m
  [4;36;1mOrganisation Load (0.4ms)[0m   [0;1mSELECT * FROM "organisations" WHERE ("organisations"."id" = 1) [0m
  [4;35;1mUser Load (0.3ms)[0m   [0mSELECT * FROM "users" WHERE ("users"."id" = 1) ORDER BY name[0m
Rendering template within layouts/application
Rendering teams/index
  [4;36;1mSQL (27.6ms)[0m   [0;1mSELECT count(*) AS count_all FROM "teams" WHERE ("teams".organisation_id = 1) [0m
  [4;35;1mTeam Load (0.6ms)[0m   [0mSELECT * FROM "teams" WHERE ("teams".organisation_id = 1) ORDER BY name[0m
  [4;36;1mSQL (8.7ms)[0m   [0;1mSELECT count(*) AS count_all FROM "resources" INNER JOIN "resources_teams" ON "resources".id = "resources_teams".resource_id WHERE ("resources_teams".team_id = 4 ) [0m
  [4;35;1mSQL (0.5ms)[0m   [0mSELECT count(*) AS count_all FROM "resources" INNER JOIN "resources_teams" ON "resources".id = "resources_teams".resource_id WHERE ("resources_teams".team_id = 6 ) [0m
Completed in 202ms (View: 126, DB: 39) | 200 OK [http://0.0.0.0/teams]
  [4;36;1mSQL (0.2ms)[0m   [0;1mSET client_min_messages TO 'panic'[0m
  [4;35;1mSQL (0.1ms)[0m   [0mSET client_min_messages TO 'notice'[0m


Processing TeamsController#new (for 127.0.0.1 at 2010-01-02 21:03:54) [GET]
  [4;36;1mUser Load (1.1ms)[0m   [0;1mSELECT * FROM "users" WHERE ("users"."id" = 1) ORDER BY name LIMIT 1[0m
  [4;35;1mOrganisation Load (0.4ms)[0m   [0mSELECT * FROM "organisations" WHERE ("organisations"."id" = 1) [0m
  [4;36;1mUser Load (0.2ms)[0m   [0;1mSELECT * FROM "users" WHERE ("users"."id" = 1) ORDER BY name[0m
Rendering template within layouts/application
Rendering teams/new

ActionView::TemplateError (You have a nil object when you didn't expect it!
You might have expected an instance of Array.
The error occurred while evaluating nil.each) on line #13 of app/views/teams/new.html.erb:
10:       <%= f.text_field :name, :class => "large" %>
11:     </p>
12: 
13: 	<% for resource in @resources %>  
14: 	    <p>  
15: 	      <%= check_box_tag "team[resource_ids][]", resource.id, @team.resources.include?(resource) %>  
16: 	      <%= resource.name %>  

    app/views/teams/new.html.erb:13
    app/views/teams/new.html.erb:5
    app/controllers/teams_controller.rb:21:in `new'

Rendered rescues/_trace (125.2ms)
Rendered rescues/_request_and_response (1.2ms)
Rendering rescues/layout (internal_server_error)
  [4;35;1mSQL (0.2ms)[0m   [0mSET client_min_messages TO 'panic'[0m
  [4;36;1mSQL (0.1ms)[0m   [0;1mSET client_min_messages TO 'notice'[0m


Processing TeamsController#new (for 127.0.0.1 at 2010-01-02 21:04:51) [GET]
  [4;35;1mUser Load (1.0ms)[0m   [0mSELECT * FROM "users" WHERE ("users"."id" = 1) ORDER BY name LIMIT 1[0m
  [4;36;1mOrganisation Load (0.4ms)[0m   [0;1mSELECT * FROM "organisations" WHERE ("organisations"."id" = 1) [0m
  [4;35;1mUser Load (0.2ms)[0m   [0mSELECT * FROM "users" WHERE ("users"."id" = 1) ORDER BY name[0m
Rendering template within layouts/application
Rendering teams/new
  [4;36;1mResource Load (0.6ms)[0m   [0;1mSELECT * FROM "resources" WHERE ("resources".organisation_id = 1) ORDER BY name[0m
  [4;35;1mResource Load (0.6ms)[0m   [0mSELECT "resources".id FROM "resources" INNER JOIN "resources_teams" ON "resources".id = "resources_teams".resource_id WHERE ("resources"."id" = 1) AND ("resources_teams".team_id = NULL ) ORDER BY name LIMIT 1[0m
  [4;36;1mResource Load (0.3ms)[0m   [0;1mSELECT "resources".id FROM "resources" INNER JOIN "resources_teams" ON "resources".id = "resources_teams".resource_id WHERE ("resources"."id" = 7) AND ("resources_teams".team_id = NULL ) ORDER BY name LIMIT 1[0m
Completed in 46ms (View: 15, DB: 3) | 200 OK [http://0.0.0.0/teams/new]
  [4;35;1mSQL (0.1ms)[0m   [0mSET client_min_messages TO 'panic'[0m
  [4;36;1mSQL (0.1ms)[0m   [0;1mSET client_min_messages TO 'notice'[0m


Processing TeamsController#new (for 127.0.0.1 at 2010-01-02 21:08:20) [GET]
  [4;35;1mUser Load (1.0ms)[0m   [0mSELECT * FROM "users" WHERE ("users"."id" = 1) ORDER BY name LIMIT 1[0m
  [4;36;1mOrganisation Load (0.4ms)[0m   [0;1mSELECT * FROM "organisations" WHERE ("organisations"."id" = 1) [0m
  [4;35;1mUser Load (0.2ms)[0m   [0mSELECT * FROM "users" WHERE ("users"."id" = 1) ORDER BY name[0m
Rendering template within layouts/application
Rendering teams/new
  [4;36;1mResource Load (0.8ms)[0m   [0;1mSELECT * FROM "resources" WHERE ("resources".organisation_id = 1) ORDER BY name[0m
  [4;35;1mResource Load (0.7ms)[0m   [0mSELECT "resources".id FROM "resources" INNER JOIN "resources_teams" ON "resources".id = "resources_teams".resource_id WHERE ("resources"."id" = 1) AND ("resources_teams".team_id = NULL ) ORDER BY name LIMIT 1[0m
  [4;36;1mResource Load (0.4ms)[0m   [0;1mSELECT "resources".id FROM "resources" INNER JOIN "resources_teams" ON "resources".id = "resources_teams".resource_id WHERE ("resources"."id" = 7) AND ("resources_teams".team_id = NULL ) ORDER BY name LIMIT 1[0m
Completed in 124ms (View: 29, DB: 4) | 200 OK [http://0.0.0.0/teams/new]
  [4;35;1mSQL (0.2ms)[0m   [0mSET client_min_messages TO 'panic'[0m
  [4;36;1mSQL (0.2ms)[0m   [0;1mSET client_min_messages TO 'notice'[0m


Processing TeamsController#create (for 127.0.0.1 at 2010-01-02 21:08:28) [POST]
  Parameters: {"commit"=>"Create", "authenticity_token"=>"8gyC6stHvQ7AcjPjuyI6W7jzPZ+ZVVBpV3o1gDalD1s=", "team"=>{"name"=>"The C Team", "resource_ids"=>["1"]}}
  [4;35;1mUser Load (1.0ms)[0m   [0mSELECT * FROM "users" WHERE ("users"."id" = 1) ORDER BY name LIMIT 1[0m
  [4;36;1mOrganisation Load (0.4ms)[0m   [0;1mSELECT * FROM "organisations" WHERE ("organisations"."id" = 1) [0m
  [4;35;1mUser Load (0.3ms)[0m   [0mSELECT * FROM "users" WHERE ("users"."id" = 1) ORDER BY name[0m
  [4;36;1mResource Load (33.2ms)[0m   [0;1mSELECT * FROM "resources" WHERE ("resources"."id" = 1) ORDER BY name[0m
  [4;35;1mSQL (0.2ms)[0m   [0mBEGIN[0m
  [4;36;1mSQL (0.1ms)[0m   [0;1mCOMMIT[0m
  [4;35;1mSQL (0.1ms)[0m   [0mBEGIN[0m
  [4;36;1mSQL (67.3ms)[0m   [0;1mINSERT INTO "teams" ("name", "created_at", "organisation_id", "updated_at") VALUES(E'The C Team', '2010-01-02 21:08:28.757550', 1, '2010-01-02 21:08:28.757550') RETURNING "id"[0m
  [4;35;1mSQL (12.3ms)[0m   [0mINSERT INTO "resources_teams" ("resource_id", "team_id") VALUES (1, 7)[0m
  [4;36;1mSQL (0.9ms)[0m   [0;1mCOMMIT[0m
Redirected to http://0.0.0.0:3000/teams
Completed in 468ms (DB: 116) | 302 Found [http://0.0.0.0/teams]
  [4;35;1mSQL (0.1ms)[0m   [0mSET client_min_messages TO 'panic'[0m
  [4;36;1mSQL (0.1ms)[0m   [0;1mSET client_min_messages TO 'notice'[0m


Processing TeamsController#index (for 127.0.0.1 at 2010-01-02 21:08:29) [GET]
  [4;35;1mUser Load (1.4ms)[0m   [0mSELECT * FROM "users" WHERE ("users"."id" = 1) ORDER BY name LIMIT 1[0m
  [4;36;1mOrganisation Load (0.5ms)[0m   [0;1mSELECT * FROM "organisations" WHERE ("organisations"."id" = 1) [0m
  [4;35;1mUser Load (0.3ms)[0m   [0mSELECT * FROM "users" WHERE ("users"."id" = 1) ORDER BY name[0m
Rendering template within layouts/application
Rendering teams/index
  [4;36;1mSQL (0.6ms)[0m   [0;1mSELECT count(*) AS count_all FROM "teams" WHERE ("teams".organisation_id = 1) [0m
  [4;35;1mTeam Load (0.5ms)[0m   [0mSELECT * FROM "teams" WHERE ("teams".organisation_id = 1) ORDER BY name[0m
  [4;36;1mSQL (0.7ms)[0m   [0;1mSELECT count(*) AS count_all FROM "resources" INNER JOIN "resources_teams" ON "resources".id = "resources_teams".resource_id WHERE ("resources_teams".team_id = 4 ) [0m
  [4;35;1mSQL (0.4ms)[0m   [0mSELECT count(*) AS count_all FROM "resources" INNER JOIN "resources_teams" ON "resources".id = "resources_teams".resource_id WHERE ("resources_teams".team_id = 6 ) [0m
  [4;36;1mSQL (0.4ms)[0m   [0;1mSELECT count(*) AS count_all FROM "resources" INNER JOIN "resources_teams" ON "resources".id = "resources_teams".resource_id WHERE ("resources_teams".team_id = 7 ) [0m
Completed in 153ms (View: 86, DB: 5) | 200 OK [http://0.0.0.0/teams]
  [4;35;1mSQL (0.2ms)[0m   [0mSET client_min_messages TO 'panic'[0m
  [4;36;1mSQL (0.1ms)[0m   [0;1mSET client_min_messages TO 'notice'[0m


Processing TeamsController#edit (for 127.0.0.1 at 2010-01-02 21:08:31) [GET]
  Parameters: {"id"=>"7"}
  [4;35;1mUser Load (1.0ms)[0m   [0mSELECT * FROM "users" WHERE ("users"."id" = 1) ORDER BY name LIMIT 1[0m
  [4;36;1mOrganisation Load (0.4ms)[0m   [0;1mSELECT * FROM "organisations" WHERE ("organisations"."id" = 1) [0m
  [4;35;1mUser Load (0.2ms)[0m   [0mSELECT * FROM "users" WHERE ("users"."id" = 1) ORDER BY name[0m
  [4;36;1mTeam Load (0.5ms)[0m   [0;1mSELECT * FROM "teams" WHERE ("teams"."id" = 7) ORDER BY name[0m
Rendering template within layouts/application
Rendering teams/edit
Completed in 61ms (View: 35, DB: 2) | 200 OK [http://0.0.0.0/teams/7/edit]
  [4;35;1mSQL (0.2ms)[0m   [0mSET client_min_messages TO 'panic'[0m
  [4;36;1mSQL (0.1ms)[0m   [0;1mSET client_min_messages TO 'notice'[0m


Processing TeamsController#index (for 127.0.0.1 at 2010-01-02 21:08:33) [GET]
  [4;35;1mUser Load (1.0ms)[0m   [0mSELECT * FROM "users" WHERE ("users"."id" = 1) ORDER BY name LIMIT 1[0m
  [4;36;1mOrganisation Load (0.4ms)[0m   [0;1mSELECT * FROM "organisations" WHERE ("organisations"."id" = 1) [0m
  [4;35;1mUser Load (0.2ms)[0m   [0mSELECT * FROM "users" WHERE ("users"."id" = 1) ORDER BY name[0m
Rendering template within layouts/application
Rendering teams/index
  [4;36;1mSQL (0.4ms)[0m   [0;1mSELECT count(*) AS count_all FROM "teams" WHERE ("teams".organisation_id = 1) [0m
  [4;35;1mTeam Load (0.3ms)[0m   [0mSELECT * FROM "teams" WHERE ("teams".organisation_id = 1) ORDER BY name[0m
  [4;36;1mSQL (0.7ms)[0m   [0;1mSELECT count(*) AS count_all FROM "resources" INNER JOIN "resources_teams" ON "resources".id = "resources_teams".resource_id WHERE ("resources_teams".team_id = 4 ) [0m
  [4;35;1mSQL (0.4ms)[0m   [0mSELECT count(*) AS count_all FROM "resources" INNER JOIN "resources_teams" ON "resources".id = "resources_teams".resource_id WHERE ("resources_teams".team_id = 6 ) [0m
  [4;36;1mSQL (0.4ms)[0m   [0;1mSELECT count(*) AS count_all FROM "resources" INNER JOIN "resources_teams" ON "resources".id = "resources_teams".resource_id WHERE ("resources_teams".team_id = 7 ) [0m
Completed in 112ms (View: 86, DB: 4) | 200 OK [http://0.0.0.0/teams]
